<?xml version="1.0" encoding="UTF-8"?>
<coverage generated="1623833125">
  <project timestamp="1623833125">
    <file name="/Volumes/Websites/tall-flash/src/Flash.php">
      <class name="Wvandeweyer\Flash\Flash" namespace="global">
        <metrics complexity="14" methods="9" coveredmethods="9" conditionals="0" coveredconditionals="0" statements="29" coveredstatements="29" elements="38" coveredelements="38"/>
      </class>
      <line num="10" type="method" name="__construct" visibility="public" complexity="1" crap="1" count="15"/>
      <line num="12" type="stmt" count="15"/>
      <line num="14" type="method" name="__get" visibility="public" complexity="1" crap="1" count="15"/>
      <line num="16" type="stmt" count="15"/>
      <line num="20" type="method" name="getMessage" visibility="public" complexity="2" crap="2" count="15"/>
      <line num="22" type="stmt" count="15"/>
      <line num="24" type="stmt" count="15"/>
      <line num="25" type="stmt" count="1"/>
      <line num="28" type="stmt" count="14"/>
      <line num="29" type="stmt" count="14"/>
      <line num="30" type="stmt" count="14"/>
      <line num="31" type="stmt" count="14"/>
      <line num="35" type="method" name="success" visibility="public" complexity="2" crap="2" count="4"/>
      <line num="37" type="stmt" count="4"/>
      <line num="39" type="stmt" count="4"/>
      <line num="40" type="stmt" count="4"/>
      <line num="43" type="stmt" count="4"/>
      <line num="46" type="method" name="warning" visibility="public" complexity="2" crap="2" count="3"/>
      <line num="48" type="stmt" count="3"/>
      <line num="50" type="stmt" count="3"/>
      <line num="51" type="stmt" count="3"/>
      <line num="54" type="stmt" count="3"/>
      <line num="57" type="method" name="error" visibility="public" complexity="2" crap="2" count="3"/>
      <line num="59" type="stmt" count="3"/>
      <line num="61" type="stmt" count="3"/>
      <line num="62" type="stmt" count="3"/>
      <line num="65" type="stmt" count="3"/>
      <line num="68" type="method" name="info" visibility="public" complexity="2" crap="2" count="3"/>
      <line num="70" type="stmt" count="3"/>
      <line num="72" type="stmt" count="3"/>
      <line num="73" type="stmt" count="3"/>
      <line num="76" type="stmt" count="3"/>
      <line num="79" type="method" name="dismissable" visibility="public" complexity="1" crap="1" count="2"/>
      <line num="81" type="stmt" count="2"/>
      <line num="83" type="stmt" count="2"/>
      <line num="86" type="method" name="echo" visibility="public" complexity="1" crap="1" count="14"/>
      <line num="88" type="stmt" count="14"/>
      <metrics loc="90" ncloc="89" classes="1" methods="9" coveredmethods="9" conditionals="0" coveredconditionals="0" statements="29" coveredstatements="29" elements="38" coveredelements="38"/>
    </file>
    <file name="/Volumes/Websites/tall-flash/src/FlashServiceProvider.php">
      <class name="Wvandeweyer\Flash\FlashServiceProvider" namespace="global">
        <metrics complexity="3" methods="2" coveredmethods="2" conditionals="0" coveredconditionals="0" statements="11" coveredstatements="11" elements="13" coveredelements="13"/>
      </class>
      <line num="10" type="method" name="boot" visibility="public" complexity="2" crap="2" count="15"/>
      <line num="12" type="stmt" count="15"/>
      <line num="14" type="stmt" count="15"/>
      <line num="15" type="stmt" count="15"/>
      <line num="16" type="stmt" count="15"/>
      <line num="17" type="stmt" count="15"/>
      <line num="19" type="stmt" count="15"/>
      <line num="20" type="stmt" count="15"/>
      <line num="21" type="stmt" count="15"/>
      <line num="23" type="stmt" count="15"/>
      <line num="25" type="method" name="register" visibility="public" complexity="1" crap="1" count="15"/>
      <line num="27" type="stmt" count="15"/>
      <line num="28" type="stmt" count="15"/>
      <metrics loc="29" ncloc="29" classes="1" methods="2" coveredmethods="2" conditionals="0" coveredconditionals="0" statements="11" coveredstatements="11" elements="13" coveredelements="13"/>
    </file>
    <file name="/Volumes/Websites/tall-flash/src/Message.php">
      <class name="Wvandeweyer\Flash\Message" namespace="global">
        <metrics complexity="2" methods="2" coveredmethods="2" conditionals="0" coveredconditionals="0" statements="5" coveredstatements="5" elements="7" coveredelements="7"/>
      </class>
      <line num="7" type="method" name="__construct" visibility="public" complexity="1" crap="1" count="15"/>
      <line num="12" type="stmt" count="15"/>
      <line num="14" type="method" name="toArray" visibility="public" complexity="1" crap="1" count="14"/>
      <line num="17" type="stmt" count="14"/>
      <line num="18" type="stmt" count="14"/>
      <line num="19" type="stmt" count="14"/>
      <metrics loc="22" ncloc="22" classes="1" methods="2" coveredmethods="2" conditionals="0" coveredconditionals="0" statements="5" coveredstatements="5" elements="7" coveredelements="7"/>
    </file>
    <file name="/Volumes/Websites/tall-flash/src/helpers.php">
      <line num="8" type="stmt" count="15"/>
      <metrics loc="9" ncloc="8" classes="0" methods="0" coveredmethods="0" conditionals="0" coveredconditionals="0" statements="1" coveredstatements="1" elements="1" coveredelements="1"/>
    </file>
    <metrics files="4" loc="150" ncloc="148" classes="3" methods="13" coveredmethods="13" conditionals="0" coveredconditionals="0" statements="46" coveredstatements="46" elements="59" coveredelements="59"/>
  </project>
</coverage>
